IQ-TREE version 1.5.3 for Linux 64-bit built Jan 15 2017
Copyright (c) 2011-2016 Nguyen Lam Tung, Olga Chernomor, Arndt von Haeseler and Bui Quang Minh.

Host:    franklin (AVX, 15 GB RAM)
Command: iqtree -s sdr-oxi-alpha-proteo-ALN-3.fa -m TEST
Seed:    847730 (Using SPRNG - Scalable Parallel Random Number Generator)
Time:    Fri Jan 20 11:04:15 2017
Kernel:  AVX

NOTE: Consider using the multicore version because your CPU has 4 cores!

Reading alignment file sdr-oxi-alpha-proteo-ALN-3.fa ... Fasta format detected
Alignment most likely contains protein sequences
Alignment has 82 sequences with 418 columns and 402 patterns (333 informative sites, 49 constant sites)
                Gap/Ambiguity  Composition  p-value
   1  WP_033838537.1   24.64%    passed     94.37%
   2  CUH81468.1       23.44%    passed     14.81%
   3  WP_058291633.1   28.71%    passed     17.70%
   4  CUI85963.1       23.68%    passed     38.08%
   5  WP_026438774.1   26.32%    failed      3.40%
   6  WP_008493100.1   26.32%    failed      1.93%
   7  WP_046642033.1   21.77%    passed     94.50%
   8  WP_025591332.1   21.77%    passed     60.77%
   9  WP_052212827.1   22.01%    passed     92.37%
  10  WP_052224486.1   21.77%    passed     96.88%
  11  WP_025418312.1   21.77%    passed     73.13%
  12  AHG48966.1       19.38%    passed     49.59%
  13  WP_069610514.1   21.77%    passed     91.48%
  14  WP_040141254.1   21.77%    passed     88.55%
  15  WP_051336481.1   21.77%    passed     85.47%
  16  WP_003533717.1   21.77%    passed     83.25%
  17  ODT69603.1       26.79%    passed     99.00%
  18  WP_035098662.1   26.56%    passed     96.47%
  19  WP_026792296.1   27.51%    passed     99.22%
  20  WP_046796773.1   27.51%    passed     99.50%
  21  WP_046144787.1   27.03%    passed     86.43%
  22  WP_039905611.1   27.27%    passed     95.49%
  23  GAA09995.1       31.58%    passed     96.46%
  24  WP_011647215.1   25.84%    passed     62.81%
  25  WP_043361268.1   22.25%    passed     93.15%
  26  WP_061883560.1   27.27%    passed     82.05%
  27  WP_041953450.1   27.27%    passed     23.63%
  28  WP_066922337.1   27.27%    passed     81.30%
  29  WP_056428342.1   27.27%    passed     93.60%
  30  WP_056453370.1   27.27%    passed     91.65%
  31  WP_056180727.1   27.27%    passed     97.49%
  32  WP_043758568.1   27.27%    passed     55.97%
  33  AIQ91419.1       31.58%    passed     54.68%
  34  WP_025395837.1   27.27%    passed     94.14%
  35  WP_013079543.1   27.27%    passed     90.67%
  36  WP_061931873.1   22.73%    passed     88.73%
  37  WP_060606503.1   24.16%    passed     78.28%
  38  WP_063693486.1   25.36%    passed     96.79%
  39  WP_039154502.1   25.36%    passed     92.88%
  40  WP_014491494.1   25.36%    passed     93.46%
  41  WP_038950686.1   25.36%    passed     97.15%
  42  WP_046171371.1   25.36%    passed     96.98%
  43  WP_023459641.1   21.53%    passed     64.35%
  44  WP_067683577.1   27.27%    passed     88.33%
  45  WP_047002605.1   27.27%    passed     78.54%
  46  WP_068071815.1   27.99%    passed     51.20%
  47  WP_030541087.1   27.51%    passed     82.14%
  48  WP_067539380.1   27.27%    passed     89.01%
  49  WP_021689033.1   27.75%    passed     98.74%
  50  WP_066765787.1   27.51%    passed     77.31%
  51  WP_063298537.1   25.60%    passed     13.18%
  52  KZL23304.1       25.60%    passed     12.72%
  53  WP_063301006.1   24.64%    passed      6.61%
  54  WP_063319656.1   24.64%    passed      7.04%
  55  KZK79861.1       25.60%    passed     12.58%
  56  WP_063308207.1   24.64%    passed      7.57%
  57  KZK76540.1       25.60%    passed     12.88%
  58  KZL04102.1       25.60%    passed     24.24%
  59  WP_063290269.1   24.64%    passed     15.10%
  60  KZK88317.1       25.60%    passed     15.46%
  61  WP_063302798.1   24.64%    passed      9.64%
  62  WP_014287003.1   24.40%    passed     23.09%
  63  WP_068087709.1   22.97%    passed     33.10%
  64  WP_066812211.1   23.21%    passed      9.43%
  65  WP_007705260.1   22.97%    passed      6.27%
  66  WP_021691523.1   23.92%    passed     63.16%
  67  WP_062013466.1   22.97%    failed      1.13%
  68  WP_020050092.1   22.97%    passed     45.10%
  69  WP_037103106.1   22.97%    passed     76.74%
  70  WP_037072625.1   22.97%    passed     67.07%
  71  EJJ25060.1       21.53%    passed     64.20%
  72  WP_037455053.1   25.84%    passed      8.34%
  73  WP_067461893.1   23.44%    passed     23.46%
  74  WP_067673946.1   23.44%    passed     18.54%
  75  WP_067499215.1   23.44%    passed     21.61%
  76  WP_044460365.1   32.78%    passed     99.58%
  77  WP_034495512.1   32.78%    passed     99.51%
  78  WP_063947453.1   32.78%    passed     99.60%
  79  KIV60825.1       26.56%    passed     97.96%
  80  WP_066614853.1   26.08%    passed     84.90%
  81  WP_043970354.1   30.38%    passed     84.40%
  82  WP_043869673.1   21.77%    passed     33.26%
****  TOTAL            25.40%  3 sequences failed composition chi2 test (p-value<5%; df=19)

Create initial parsimony tree by phylogenetic likelihood library (PLL)... 0.037 seconds
NOTE: MODEL SELECTION REQUIRES 21 MB MEMORY!
Testing 144 protein models (sample size: 418) ...
 No. Model         -LnL         df  AIC          AICc         BIC
  1  Dayhoff       23120.443    161 46562.886    46766.652    47212.599
  2  Dayhoff+I     22896.493    162 46116.985    46324.091    46770.733
  3  Dayhoff+G4    22114.735    162 44553.470    44760.576    45207.218
  4  Dayhoff+I+G4  22089.309    163 44504.618    44715.107    45162.402
  5  Dayhoff+F     23041.021    180 46442.041    46716.978    47168.428
  6  Dayhoff+F+I   22815.132    181 45992.263    46271.433    46722.685
  7  Dayhoff+F+G4  21977.179    181 44316.357    44595.527    45046.779
  8  Dayhoff+F+I+G4 21950.973    182 44265.946    44549.402    45000.404
  9  mtMAM         26282.027    161 52886.053    53089.819    53535.766
 10  mtMAM+I       26086.184    162 52496.369    52703.474    53150.117
 11  mtMAM+G4      24014.514    162 48353.028    48560.134    49006.776
 12  mtMAM+I+G4    24001.704    163 48329.408    48539.896    48987.191
 13  mtMAM+F       24707.076    180 49774.152    50049.089    50500.539
 14  mtMAM+F+I     24477.531    181 49317.063    49596.232    50047.485
 15  mtMAM+F+G4    22737.415    181 45836.829    46115.999    46567.252
 16  mtMAM+F+I+G4  22716.438    182 45796.876    46080.332    46531.334
 17  JTT           22950.609    161 46223.218    46426.984    46872.931
 18  JTT+I         22740.116    162 45804.233    46011.339    46457.981
 19  JTT+G4        21983.246    162 44290.492    44497.598    44944.240
 20  JTT+I+G4      21956.968    163 44239.936    44450.424    44897.720
 21  JTT+F         22901.845    180 46163.691    46438.627    46890.077
 22  JTT+F+I       22682.063    181 45726.126    46005.295    46456.548
 23  JTT+F+G4      21880.227    181 44122.454    44401.624    44852.877
 24  JTT+F+I+G4    21851.395    182 44066.790    44350.246    44801.248
 25  WAG           22747.892    161 45817.783    46021.549    46467.496
 26  WAG+I         22546.058    162 45416.115    45623.221    46069.863
 27  WAG+G4        21871.040    162 44066.080    44273.185    44719.828
 28  WAG+I+G4      21845.487    163 44016.974    44227.462    44674.757
 29  WAG+F         22619.891    180 45599.783    45874.719    46326.169
 30  WAG+F+I       22413.499    181 45188.998    45468.168    45919.421
 31  WAG+F+G4      21724.326    181 43810.652    44089.821    44541.074
 32  WAG+F+I+G4    21699.704    182 43763.408    44046.863    44497.866
 33  cpREV         23039.276    161 46400.553    46604.318    47050.265
 34  cpREV+I       22823.384    162 45970.767    46177.873    46624.515
 35  cpREV+G4      22065.100    162 44454.199    44661.305    45107.947
 36  cpREV+I+G4    22032.340    163 44390.681    44601.169    45048.464
 37  cpREV+F       22811.410    180 45982.820    46257.756    46709.206
 38  cpREV+F+I     22583.270    181 45528.540    45807.710    46258.962
 39  cpREV+F+G4    21821.139    181 44004.278    44283.448    44734.700
 40  cpREV+F+I+G4  21787.646    182 43939.292    44222.747    44673.750
 41  mtREV         24950.140    161 50222.280    50426.046    50871.992
 42  mtREV+I       24771.473    162 49866.946    50074.052    50520.694
 43  mtREV+G4      23360.860    162 47045.719    47252.825    47699.467
 44  mtREV+I+G4    23343.159    163 47012.319    47222.807    47670.102
 45  mtREV+F       23618.801    180 47597.602    47872.539    48323.989
 46  mtREV+F+I     23408.655    181 47179.310    47458.479    47909.732
 47  mtREV+F+G4    22205.096    181 44772.191    45051.361    45502.613
 48  mtREV+F+I+G4  22179.766    182 44723.532    45006.987    45457.989
 49  rtREV         23198.446    161 46718.891    46922.657    47368.604
 50  rtREV+I       23007.513    162 46339.026    46546.131    46992.774
 51  rtREV+G4      22205.662    162 44735.324    44942.430    45389.072
 52  rtREV+I+G4    22180.234    163 44686.468    44896.956    45344.251
 53  rtREV+F       22904.280    180 46168.560    46443.497    46894.947
 54  rtREV+F+I     22697.304    181 45756.608    46035.777    46487.030
 55  rtREV+F+G4    21832.750    181 44027.499    44306.669    44757.922
 56  rtREV+F+I+G4  21807.209    182 43978.417    44261.873    44712.875
 57  mtART         26238.327    161 52798.654    53002.420    53448.367
 58  mtART+I       26036.039    162 52396.078    52603.184    53049.826
 59  mtART+G4      23880.839    162 48085.679    48292.785    48739.427
 60  mtART+I+G4    23867.579    163 48061.159    48271.647    48718.942
 61  mtART+F       24635.326    180 49630.651    49905.588    50357.038
 62  mtART+F+I     24399.243    181 49160.486    49439.655    49890.908
 63  mtART+F+G4    22568.792    181 45499.585    45778.754    46230.007
 64  mtART+F+I+G4  22545.646    182 45455.293    45738.748    46189.751
 65  mtZOA         24976.062    161 50274.124    50477.890    50923.836
 66  mtZOA+I       24791.839    162 49907.678    50114.784    50561.426
 67  mtZOA+G4      23067.020    162 46458.040    46665.146    47111.788
 68  mtZOA+I+G4    23053.390    163 46432.780    46643.268    47090.564
 69  mtZOA+F       23902.409    180 48164.818    48439.754    48891.204
 70  mtZOA+F+I     23676.699    181 47715.398    47994.567    48445.820
 71  mtZOA+F+G4    22247.302    181 44856.604    45135.774    45587.026
 72  mtZOA+F+I+G4  22200.549    182 44765.098    45048.554    45499.556
 73  VT            22787.353    161 45896.707    46100.472    46546.419
 74  VT+I          22593.298    162 45510.596    45717.702    46164.344
 75  VT+G4         21937.898    162 44199.796    44406.902    44853.544
 76  VT+I+G4       21912.937    163 44151.873    44362.362    44809.657
 77  VT+F          22668.301    180 45696.602    45971.539    46422.989
 78  VT+F+I        22467.070    181 45296.139    45575.309    46026.561
 79  VT+F+G4       21790.570    181 43943.139    44222.309    44673.561
 80  VT+F+I+G4     21765.490    182 43894.979    44178.435    44629.437
 81  LG            22878.319    161 46078.639    46282.404    46728.351
 82  LG+I          22684.619    162 45693.239    45900.345    46346.987
 83  LG+G4         21864.259    162 44052.518    44259.624    44706.266
 84  LG+I+G4       21840.391    163 44006.781    44217.269    44664.565
 85  LG+F          22752.885    180 45865.770    46140.707    46592.157
 86  LG+F+I        22547.269    181 45456.538    45735.708    46186.960
 87  LG+F+G4       21698.816    181 43759.631    44038.801    44490.053
 88  LG+F+I+G4     21674.430    182 43712.859    43996.315    44447.317
 89  DCMut         23119.930    161 46561.861    46765.626    47211.573
 90  DCMut+I       22896.112    162 46116.224    46323.330    46769.972
 91  DCMut+G4      22115.798    162 44555.597    44762.703    45209.345
 92  DCMut+I+G4    22090.387    163 44506.774    44717.262    45164.558
 93  DCMut+F       23040.362    180 46440.725    46715.661    47167.111
 94  DCMut+F+I     22814.597    181 45991.194    46270.364    46721.616
 95  DCMut+F+G4    21978.112    181 44318.223    44597.393    45048.645
 96  DCMut+F+I+G4  21951.928    182 44267.857    44551.312    45002.314
 97  PMB           22919.933    161 46161.866    46365.632    46811.579
 98  PMB+I         22734.091    162 45792.182    45999.288    46445.930
 99  PMB+G4        22069.569    162 44463.138    44670.244    45116.886
100  PMB+I+G4      22047.408    163 44420.816    44631.304    45078.600
101  PMB+F         22786.130    180 45932.261    46207.197    46658.647
102  PMB+F+I       22590.307    181 45542.614    45821.783    46273.036
103  PMB+F+G4      21919.379    181 44200.759    44479.928    44931.181
104  PMB+F+I+G4    21896.817    182 44157.635    44441.090    44892.092
105  HIVb          23747.154    161 47816.309    48020.075    48466.021
106  HIVb+I        23482.336    162 47288.671    47495.777    47942.419
107  HIVb+G4       22564.066    162 45452.131    45659.237    46105.879
108  HIVb+I+G4     22527.780    163 45381.560    45592.048    46039.343
109  HIVb+F        23562.808    180 47485.616    47760.553    48212.003
110  HIVb+F+I      23288.056    181 46938.112    47217.282    47668.535
111  HIVb+F+G4     22292.770    181 44947.540    45226.709    45677.962
112  HIVb+F+I+G4   22255.377    182 44874.754    45158.210    45609.212
113  HIVw          24847.951    161 50017.902    50221.668    50667.615
114  HIVw+I        24574.458    162 49472.915    49680.021    50126.663
115  HIVw+G4       23670.141    162 47664.282    47871.387    48318.030
116  HIVw+I+G4     23630.707    163 47587.414    47797.902    48245.198
117  HIVw+F        24214.355    180 48788.709    49063.646    49515.096
118  HIVw+F+I      23926.768    181 48215.537    48494.706    48945.959
119  HIVw+F+G4     22934.689    181 46231.379    46510.548    46961.801
120  HIVw+F+I+G4   22891.441    182 46146.881    46430.337    46881.339
121  JTTDCMut      22947.957    161 46217.915    46421.680    46867.627
122  JTTDCMut+I    22738.353    162 45800.706    46007.812    46454.454
123  JTTDCMut+G4   21984.033    162 44292.066    44499.172    44945.814
124  JTTDCMut+I+G4 21957.878    163 44241.756    44452.245    44899.540
125  JTTDCMut+F    22892.723    180 46145.445    46420.382    46871.832
126  JTTDCMut+F+I  22673.758    181 45709.516    45988.685    46439.938
127  JTTDCMut+F+G4 21875.366    181 44112.731    44391.901    44843.153
128  JTTDCMut+F+I+G4 21846.788    182 44057.575    44341.031    44792.033
129  FLU           23675.756    161 47673.513    47877.278    48323.225
130  FLU+I         23448.614    162 47221.227    47428.333    47874.975
131  FLU+G4        22594.156    162 45512.311    45719.417    46166.059
132  FLU+I+G4      22568.537    163 45463.073    45673.561    46120.857
133  FLU+F         23201.620    180 46763.240    47038.177    47489.627
134  FLU+F+I       22965.407    181 46292.814    46571.984    47023.237
135  FLU+F+G4      22066.929    181 44495.857    44775.027    45226.279
136  FLU+F+I+G4    22037.569    182 44439.139    44722.594    45173.596
137  Blosum62      22943.013    161 46208.025    46411.791    46857.738
138  Blosum62+I    22753.757    162 45831.513    46038.619    46485.261
139  Blosum62+G4   22089.536    162 44503.072    44710.178    45156.820
140  Blosum62+I+G4 22066.223    163 44458.446    44668.934    45116.229
141  Blosum62+F    22792.007    180 45944.014    46218.950    46670.400
142  Blosum62+F+I  22589.641    181 45541.282    45820.452    46271.705
143  Blosum62+F+G4 21917.149    181 44196.299    44475.468    44926.721
144  Blosum62+F+I+G4 21892.753    182 44149.505    44432.961    44883.963
Akaike Information Criterion:           LG+F+I+G4
Corrected Akaike Information Criterion: LG+F+I+G4
Bayesian Information Criterion:         LG+F+I+G4
Best-fit model: LG+F+I+G4 chosen according to BIC
CPU time for model selection: 137.800 seconds.

NOTE: 21 MB RAM (0 GB) is required!
Estimate model parameters (epsilon = 0.100)

Testing with init. pinv = 0.000 / init. alpha = 1.000
Est. p_inv: 0.042 / Est. gamma shape: 1.356 / Logl: -21674.431

Testing with init. pinv = 0.013 / init. alpha = 1.000
Est. p_inv: 0.041 / Est. gamma shape: 1.354 / Logl: -21674.436

Testing with init. pinv = 0.026 / init. alpha = 1.000
Est. p_inv: 0.042 / Est. gamma shape: 1.357 / Logl: -21674.433

Testing with init. pinv = 0.039 / init. alpha = 1.000
Est. p_inv: 0.042 / Est. gamma shape: 1.356 / Logl: -21674.430

Testing with init. pinv = 0.052 / init. alpha = 1.000
Est. p_inv: 0.042 / Est. gamma shape: 1.354 / Logl: -21674.430

Testing with init. pinv = 0.065 / init. alpha = 1.000
Est. p_inv: 0.042 / Est. gamma shape: 1.354 / Logl: -21674.433

Testing with init. pinv = 0.078 / init. alpha = 1.000
Est. p_inv: 0.042 / Est. gamma shape: 1.353 / Logl: -21674.439

Testing with init. pinv = 0.091 / init. alpha = 1.000
Est. p_inv: 0.042 / Est. gamma shape: 1.353 / Logl: -21674.439

Testing with init. pinv = 0.104 / init. alpha = 1.000
Est. p_inv: 0.042 / Est. gamma shape: 1.352 / Logl: -21674.446

Testing with init. pinv = 0.117 / init. alpha = 1.000
Est. p_inv: 0.042 / Est. gamma shape: 1.352 / Logl: -21674.456

Best p_inv: 0.042 / best gamma shape: 1.354 / Logl: -21674.430
Parameters optimization took 15.780 sec
Computing ML distances based on estimated model parameters... 1.856 sec
Computing BIONJ tree...
0.232 seconds
Log-likelihood of BIONJ tree: -21686.588
--------------------------------------------------------------------
|             INITIALIZING CANDIDATE TREE SET                      |
--------------------------------------------------------------------
Generating 98 parsimony trees... 2.974 second
